n = 500, simulation time = 0.042002 seconds
n = 500, simulation time = 0.528947 seconds
n = 500, simulation time = 0.26608 seconds
n = 500, simulation time = 0.144489 seconds
n = 500, simulation time = 0.078974 seconds
n = 500, simulation time = 0.053013 seconds
n = 1000, simulation time = 1.05136 seconds
n = 2000, simulation time = 2.16045 seconds
n = 4000, simulation time = 4.34587 seconds
n = 8000, simulation time = 8.84199 seconds

Strong scaling estimates are :
    0.08    0.16    0.29    0.53    0.79 (speedup)
    0.08    0.08    0.07    0.07    0.05 (efficiency)    for
       1       2       4       8      16 threads/processors

Average strong scaling efficiency:    0.07 

Weak scaling estimates are :
    0.08    0.04    0.02    0.01    0.00 (efficiency)    for
       1       2       4       8      16 threads/processors

Average weak scaling efficiency:    0.03 


mpi Grade =    7.50

