n = 500, simulation time = 0.04345 seconds
n = 500,threads = 1, simulation time = 0.043666 seconds
n = 500,threads = 2, simulation time = 0.08444 seconds
n = 500,threads = 4, simulation time = 0.055125 seconds
n = 500,threads = 8, simulation time = 0.036219 seconds
n = 500,threads = 16, simulation time = 0.031577 seconds
n = 1000,threads = 2, simulation time = 0.167778 seconds
n = 2000,threads = 4, simulation time = 0.218191 seconds
n = 4000,threads = 8, simulation time = 0.265991 seconds
n = 8000,threads = 16, simulation time = 0.278845 seconds

Strong scaling estimates are :
    1.00    0.52    0.79    1.21    1.38 (speedup)
    1.00    0.26    0.20    0.15    0.09 (efficiency)    for
       1       2       4       8      16 threads/processors

Average strong scaling efficiency:    0.34 

Weak scaling estimates are :
    1.00    0.26    0.20    0.16    0.16 (efficiency)    for
       1       2       4       8      16 threads/processors

Average weak scaling efficiency:    0.36 


openmp Grade =   52.12

