rm: cannot remove 'mpi_sum.txt': No such file or directory
n = 500, simulation time = 0.551565 seconds
n = 500, simulation time = 0.481072 seconds
n = 500, simulation time = 0.240785 seconds
n = 500, simulation time = 0.133093 seconds
n = 500, simulation time = 0.076172 seconds
n = 500, simulation time = 0.051889 seconds
n = 1000, simulation time = 0.941654 seconds
n = 2000, simulation time = 1.91994 seconds
n = 4000, simulation time = 3.85582 seconds
n = 8000, simulation time = 7.92076 seconds

Strong scaling estimates are :
    1.15    2.29    4.14    7.24   10.63 (speedup)
    1.15    1.15    1.04    0.91    0.66 (efficiency)    for
       1       2       4       8      16 threads/processors

Average strong scaling efficiency:    0.98 

Weak scaling estimates are :
    1.15    0.59    0.29    0.14    0.07 (efficiency)    for
       1       2       4       8      16 threads/processors

Average weak scaling efficiency:    0.45 


mpi Grade =   83.48

