rm: cannot remove 'pthreads_sum.txt': No such file or directory
n = 500, simulation time = 0.555327 seconds
n = 500, simulation time = 0.559875 seconds
n = 500, simulation time = 0.392596 seconds
n = 500, simulation time = 0.25514 seconds
n = 500, simulation time = 0.15734 seconds
n = 500, simulation time = 0.150707 seconds
n = 1000, simulation time = 1.31197 seconds
n = 2000, simulation time = 2.56299 seconds
n = 4000, simulation time = 5.06788 seconds
n = 8000, simulation time = 10.6623 seconds

Strong scaling estimates are :
    0.99    1.41    2.18    3.53    3.68 (speedup)
    0.99    0.71    0.54    0.44    0.23 (efficiency)    for
       1       2       4       8      16 threads/processors

Average strong scaling efficiency:    0.58 

Weak scaling estimates are :
    0.99    0.42    0.22    0.11    0.05 (efficiency)    for
       1       2       4       8      16 threads/processors

Average weak scaling efficiency:    0.36 


pthreads Grade =   67.86

